<?xml version="1.0" encoding="UTF-8"?>
<!-- Generated by org.testng.reporters.JUnitReportReporter -->
<testsuite skipped="0" hostname="TYSS-4F-062" name="tests.DeliveryDate" tests="1" failures="0" timestamp="12 Oct 2018 06:27:33 GMT" time="85.474" errors="0">
  <testcase name="deliveryDate" time="85.474" classname="tests.DeliveryDate"/>
</testsuite> <!-- tests.DeliveryDate -->
