<?xml version="1.0" encoding="UTF-8"?>
<!-- Generated by org.testng.reporters.JUnitReportReporter -->
<testsuite skipped="0" hostname="TYSS-4F-062" name="tests.Search" tests="1" failures="0" timestamp="12 Oct 2018 11:10:44 GMT" time="34.801" errors="0">
  <testcase name="search" time="34.801" classname="tests.Search"/>
</testsuite> <!-- tests.Search -->
