<?xml version="1.0" encoding="UTF-8"?>
<!-- Generated by org.testng.reporters.JUnitReportReporter -->
<testsuite skipped="0" hostname="TYSS-4F-062" name="tests.RemoveFromCart" tests="1" failures="0" timestamp="12 Oct 2018 12:43:55 GMT" time="45.775" errors="0">
  <testcase name="removeFromcart" time="45.775" classname="tests.RemoveFromCart"/>
</testsuite> <!-- tests.RemoveFromCart -->
