<?xml version="1.0" encoding="UTF-8"?>
<!-- Generated by org.testng.reporters.JUnitReportReporter -->
<testsuite skipped="0" hostname="TYSS-4F-062" name="tests.OpenAppCloseApp" tests="1" failures="0" timestamp="10 Oct 2018 10:41:56 GMT" time="3.462" errors="0">
  <testcase name="appOpenClose" time="3.462" classname="tests.OpenAppCloseApp"/>
</testsuite> <!-- tests.OpenAppCloseApp -->
