<?xml version="1.0" encoding="UTF-8"?>
<!-- Generated by org.testng.reporters.JUnitReportReporter -->
<testsuite skipped="0" hostname="TYSS-4F-062" name="tests.RemoveFromWishList" tests="1" failures="0" timestamp="12 Oct 2018 12:40:12 GMT" time="67.634" errors="0">
  <testcase name="loginLogout" time="67.634" classname="tests.RemoveFromWishList"/>
</testsuite> <!-- tests.RemoveFromWishList -->
