<?xml version="1.0" encoding="UTF-8"?>
<!-- Generated by org.testng.reporters.JUnitReportReporter -->
<testsuite skipped="0" hostname="TYSS-4F-062" name="tests.LoginLogout" tests="1" failures="0" timestamp="13 Oct 2018 06:17:15 GMT" time="21.093" errors="0">
  <testcase name="loginLogout" time="21.093" classname="tests.LoginLogout"/>
</testsuite> <!-- tests.LoginLogout -->
