<?xml version="1.0" encoding="UTF-8"?>
<!-- Generated by org.testng.reporters.JUnitReportReporter -->
<testsuite skipped="0" hostname="TYSS-4F-062" name="tests.AddToCart" tests="1" failures="0" timestamp="15 Oct 2018 07:39:45 GMT" time="78.722" errors="0">
  <testcase name="addTocart" time="78.722" classname="tests.AddToCart"/>
</testsuite> <!-- tests.AddToCart -->
