<?xml version="1.0" encoding="UTF-8"?>
<!-- Generated by org.testng.reporters.JUnitReportReporter -->
<testsuite skipped="0" hostname="TYSS-4F-062" name="tests.InvalidLoginLogout" tests="1" failures="0" timestamp="11 Oct 2018 12:17:57 GMT" time="40.433" errors="0">
  <testcase name="invalidLoginLogout" time="40.433" classname="tests.InvalidLoginLogout"/>
</testsuite> <!-- tests.InvalidLoginLogout -->
