<?xml version="1.0" encoding="UTF-8"?>
<!-- Generated by org.testng.reporters.JUnitReportReporter -->
<testsuite skipped="0" hostname="TYSS-4F-062" name="tests.AddToWishList" tests="1" failures="0" timestamp="16 Oct 2018 04:56:32 GMT" time="57.649" errors="0">
  <testcase name="loginLogout" time="57.649" classname="tests.AddToWishList"/>
</testsuite> <!-- tests.AddToWishList -->
