<?xml version="1.0" encoding="UTF-8"?>
<!-- Generated by org.testng.reporters.JUnitReportReporter -->
<testsuite skipped="0" hostname="TYSS-4F-062" name="tests.AddToWishList" tests="1" failures="0" timestamp="12 Oct 2018 12:37:39 GMT" time="29.605" errors="0">
  <testcase name="loginLogout" time="29.605" classname="tests.AddToWishList"/>
</testsuite> <!-- tests.AddToWishList -->
