<?xml version="1.0" encoding="UTF-8"?>
<!-- Generated by org.testng.reporters.JUnitReportReporter -->
<testsuite skipped="0" hostname="TYSS-4F-062" name="tests.AddToCompare" tests="1" failures="0" timestamp="15 Oct 2018 09:36:32 GMT" time="80.464" errors="0">
  <testcase name="loginLogout" time="80.464" classname="tests.AddToCompare"/>
</testsuite> <!-- tests.AddToCompare -->
