<?xml version="1.0" encoding="UTF-8"?>
<!-- Generated by org.testng.reporters.JUnitReportReporter -->
<testsuite skipped="0" hostname="TYSS-4F-062" name="tests.AddToCart" tests="1" failures="0" timestamp="13 Oct 2018 05:12:49 GMT" time="89.571" errors="0">
  <testcase name="addTocart" time="89.571" classname="tests.AddToCart"/>
</testsuite> <!-- tests.AddToCart -->
