<?xml version="1.0" encoding="UTF-8"?>
<!-- Generated by org.testng.reporters.JUnitReportReporter -->
<testsuite skipped="0" hostname="TYSS-4F-062" name="tests.SearchAndAddToCart" tests="1" failures="0" timestamp="12 Oct 2018 12:42:22 GMT" time="63.420" errors="0">
  <testcase name="search" time="63.420" classname="tests.SearchAndAddToCart"/>
</testsuite> <!-- tests.SearchAndAddToCart -->
