<?xml version="1.0" encoding="UTF-8"?>
<!-- Generated by org.testng.reporters.JUnitReportReporter -->
<testsuite skipped="0" hostname="TYSS-4F-062" name="tests.LoginLogout" tests="1" failures="0" timestamp="15 Oct 2018 09:50:10 GMT" time="21.528" errors="0">
  <testcase name="loginLogout" time="21.528" classname="tests.LoginLogout"/>
</testsuite> <!-- tests.LoginLogout -->
