<?xml version="1.0" encoding="UTF-8"?>
<!-- Generated by org.testng.reporters.JUnitReportReporter -->
<testsuite skipped="0" hostname="TYSS-4F-062" name="tests.SearchTest" tests="1" failures="0" timestamp="12 Oct 2018 06:48:56 GMT" time="75.368" errors="0">
  <testcase name="search" time="75.368" classname="tests.SearchTest"/>
</testsuite> <!-- tests.SearchTest -->
